0 info it worked if it ends with ok
1 verbose cli [ '/Users/bmz/.nvm/v0.11.14/bin/node',
1 verbose cli   '/Users/bmz/.nvm/v0.11.14/bin/npm',
1 verbose cli   'install',
1 verbose cli   'roots-content' ]
2 info using npm@2.0.0
3 info using node@v0.11.14
4 warn package.json sym-api-test@ No repository field.
5 verbose readDependencies using package.json deps
6 verbose cache add [ 'roots-content', null ]
7 verbose cache add spec="roots-content" args=["roots-content",null]
8 verbose parsed spec { raw: 'roots-content',
8 verbose parsed spec   scope: null,
8 verbose parsed spec   name: 'roots-content',
8 verbose parsed spec   rawSpec: '',
8 verbose parsed spec   spec: '*',
8 verbose parsed spec   type: 'range' }
9 verbose parsed spec { raw: 'roots-content',
9 verbose parsed spec   scope: null,
9 verbose parsed spec   name: 'roots-content',
9 verbose parsed spec   rawSpec: '',
9 verbose parsed spec   spec: '*',
9 verbose parsed spec   type: 'range' }
10 verbose addNamed [ 'roots-content', '*' ]
11 verbose addNamed [ null, '*' ]
12 silly lockFile 52993cb4-roots-content roots-content@*
13 verbose lock roots-content@* /Users/bmz/.npm/52993cb4-roots-content.lock
14 silly addNameRange { name: 'roots-content', range: '*', hasData: false }
15 verbose mapToRegistry name roots-content
16 verbose mapToRegistry uri https://registry.npmjs.org/roots-content
17 verbose request on initialization, where is /roots-content
18 verbose request after pass 1, where is /roots-content
19 verbose request url raw /roots-content
20 verbose request resolving registry [ 'https://registry.npmjs.org/', './roots-content' ]
21 verbose request after pass 2, where is https://registry.npmjs.org/roots-content
22 verbose request no auth needed
23 info attempt registry request try #1 at 17:12:23
24 verbose request id 5f1b160147da0fe9
25 http request GET https://registry.npmjs.org/roots-content
26 http 404 https://registry.npmjs.org/roots-content
27 verbose headers { date: 'Tue, 24 Mar 2015 22:12:24 GMT',
27 verbose headers   server: 'CouchDB/1.5.0 (Erlang OTP/R16B03)',
27 verbose headers   'content-type': 'application/json',
27 verbose headers   'cache-control': 'max-age=0',
27 verbose headers   'content-length': '51',
27 verbose headers   'accept-ranges': 'bytes',
27 verbose headers   via: '1.1 varnish',
27 verbose headers   age: '0',
27 verbose headers   'x-served-by': 'cache-ord1735-ORD',
27 verbose headers   'x-cache': 'MISS',
27 verbose headers   'x-cache-hits': '0',
27 verbose headers   'x-timer': 'S1427235144.034532,VS0,VE68',
27 verbose headers   connection: 'close' }
28 silly registry.get cb [ 404,
28 silly registry.get   { date: 'Tue, 24 Mar 2015 22:12:24 GMT',
28 silly registry.get     server: 'CouchDB/1.5.0 (Erlang OTP/R16B03)',
28 silly registry.get     'content-type': 'application/json',
28 silly registry.get     'cache-control': 'max-age=0',
28 silly registry.get     'content-length': '51',
28 silly registry.get     'accept-ranges': 'bytes',
28 silly registry.get     via: '1.1 varnish',
28 silly registry.get     age: '0',
28 silly registry.get     'x-served-by': 'cache-ord1735-ORD',
28 silly registry.get     'x-cache': 'MISS',
28 silly registry.get     'x-cache-hits': '0',
28 silly registry.get     'x-timer': 'S1427235144.034532,VS0,VE68',
28 silly registry.get     connection: 'close' } ]
29 silly lockFile 52993cb4-roots-content roots-content@*
30 silly lockFile 52993cb4-roots-content roots-content@*
31 verbose stack Error: 404 Not Found: roots-content
31 verbose stack     at RegClient.<anonymous> (/Users/bmz/.nvm/v0.11.14/lib/node_modules/npm/node_modules/npm-registry-client/lib/request.js:259:14)
31 verbose stack     at Request._callback (/Users/bmz/.nvm/v0.11.14/lib/node_modules/npm/node_modules/npm-registry-client/lib/request.js:198:65)
31 verbose stack     at Request.self.callback (/Users/bmz/.nvm/v0.11.14/lib/node_modules/npm/node_modules/request/request.js:236:22)
31 verbose stack     at Request.emit (events.js:110:17)
31 verbose stack     at Request.<anonymous> (/Users/bmz/.nvm/v0.11.14/lib/node_modules/npm/node_modules/request/request.js:1142:14)
31 verbose stack     at Request.emit (events.js:129:20)
31 verbose stack     at IncomingMessage.<anonymous> (/Users/bmz/.nvm/v0.11.14/lib/node_modules/npm/node_modules/request/request.js:1096:12)
31 verbose stack     at IncomingMessage.emit (events.js:129:20)
31 verbose stack     at _stream_readable.js:907:16
31 verbose stack     at process._tickCallback (node.js:372:11)
32 verbose statusCode 404
33 verbose pkgid roots-content
34 verbose cwd /Users/bmz/Sites/demo/sym-api-test
35 error Darwin 14.1.0
36 error argv "/Users/bmz/.nvm/v0.11.14/bin/node" "/Users/bmz/.nvm/v0.11.14/bin/npm" "install" "roots-content"
37 error node v0.11.14
38 error npm  v2.0.0
39 error code E404
40 error 404 Not Found: roots-content
40 error 404
40 error 404 'roots-content' is not in the npm registry.
40 error 404 You should bug the author to publish it (or use the name yourself!)
40 error 404 It was specified as a dependency of 'sym-api-test'
40 error 404
40 error 404 Note that you can also install from a
40 error 404 tarball, folder, http url, or git url.
41 verbose exit [ 1, true ]
